<?xml version="1.0" encoding="UTF-8"?>
<!-- Generated by org.testng.reporters.JUnitXMLReporter -->
<testsuite hostname="DESKTOP-362JVOS" ignored="0" name="Test 1" tests="2" failures="2" timestamp="30 sep 2020 17:19:21 GMT" time="3.552" errors="0">
  <testcase name="runScenario" time="0.598" classname="com.crowdar.bdd.cukes.TestNGParallelRunner">
    <failure type="java.lang.reflect.InvocationTargetException">
      <![CDATA[java.lang.reflect.InvocationTargetException
at ar.steps.Api.ProjectSteps.relizoUnaPeticionOperationAEntityAlEndpointDeCrowdarRequest(ProjectSteps.java:20)
at ✽.relizo una peticion GET a PROJECTS al endpoint de Crowdar request/getProjects(file:src/test/resources/features/Api.feature:14)
Caused by: java.lang.NullPointerException
at java.lang.String.replace(String.java:2240)
at com.crowdar.api.rest.MethodsService.getRequest(MethodsService.java:105)
at com.crowdar.api.rest.MethodsService.get(MethodsService.java:29)
at services.ProjectsService.get(ProjectsService.java:14)
at ar.steps.Api.ProjectSteps.relizoUnaPeticionOperationAEntityAlEndpointDeCrowdarRequest(ProjectSteps.java:20)
at cucumber.runtime.Utils$1.call(Utils.java:26)
at cucumber.runtime.Timeout.timeout(Timeout.java:16)
at cucumber.runtime.Utils.invoke(Utils.java:20)
at cucumber.runtime.java.JavaStepDefinition.execute(JavaStepDefinition.java:57)
at cucumber.runner.PickleStepDefinitionMatch.runStep(PickleStepDefinitionMatch.java:50)
at cucumber.runner.TestStep.executeStep(TestStep.java:65)
at cucumber.runner.TestStep.run(TestStep.java:50)
at cucumber.runner.PickleStepTestStep.run(PickleStepTestStep.java:43)
at cucumber.runner.TestCase.run(TestCase.java:46)
at cucumber.runner.Runner.runPickle(Runner.java:50)
at io.cucumber.testng.TestNGCucumberRunner.runScenario(TestNGCucumberRunner.java:79)
at cucumber.api.testng.TestNGCucumberRunner.runScenario(TestNGCucumberRunner.java:24)
at com.crowdar.bdd.cukes.TestNGParallelRunner.runScenario(TestNGParallelRunner.java:33)
at java.util.concurrent.FutureTask.run(FutureTask.java:266)
at java.util.concurrent.Executors$RunnableAdapter.call(Executors.java:511)
at java.util.concurrent.FutureTask.run(FutureTask.java:266)
at java.util.concurrent.ThreadPoolExecutor.runWorker(ThreadPoolExecutor.java:1149)
at java.util.concurrent.ThreadPoolExecutor$Worker.run(ThreadPoolExecutor.java:624)
at java.lang.Thread.run(Thread.java:748)
... Removed 21 stack frames]]>
    </failure>
  </testcase> <!-- runScenario -->
  <testcase name="runScenario" time="3.243" classname="com.crowdar.bdd.cukes.TestNGParallelRunner">
    <failure type="java.lang.AssertionError" message="expected [200] but found [201]">
      <![CDATA[java.lang.AssertionError: expected [200] but found [201]
at ar.steps.Api.ProjectSteps.obtengoElStatuscode(ProjectSteps.java:25)
at ✽.obtengo el 200(file:src/test/resources/features/Api.feature:5)
... Removed 6 stack frames]]>
    </failure>
  </testcase> <!-- runScenario -->
</testsuite> <!-- Test 1 -->
